<?xml version="1.0" encoding="UTF-8"?>
<testsuite name="com.restApi.demo.DemoApplicationTests" tests="1" skipped="0" failures="0" errors="0" timestamp="2023-10-16T05:57:50" hostname="Badrris-MacBook-Pro.local" time="1.289">
  <properties/>
  <testcase name="shouldFetchAllBooks()" classname="com.restApi.demo.DemoApplicationTests" time="1.289"/>
  <system-out><![CDATA[11:27:44.696 [Test worker] INFO org.springframework.test.context.support.AnnotationConfigContextLoaderUtils -- Could not detect default configuration classes for test class [com.restApi.demo.DemoApplicationTests]: DemoApplicationTests does not declare any static, non-private, non-final, nested classes annotated with @Configuration.
11:27:44.836 [Test worker] INFO org.springframework.boot.test.context.SpringBootTestContextBootstrapper -- Found @SpringBootConfiguration com.restApi.demo.DemoApplication for test class com.restApi.demo.DemoApplicationTests

  .   ____          _            __ _ _
 /\\ / ___'_ __ _ _(_)_ __  __ _ \ \ \ \
( ( )\___ | '_ | '_| | '_ \/ _` | \ \ \ \
 \\/  ___)| |_)| | | | | || (_| |  ) ) ) )
  '  |____| .__|_| |_|_| |_\__, | / / / /
 =========|_|==============|___/=/_/_/_/
 :: Spring Boot ::                (v3.1.4)

2023-10-16T11:27:45.428+05:30  INFO 44081 --- [    Test worker] com.restApi.demo.DemoApplicationTests    : Starting DemoApplicationTests using Java 19.0.2 with PID 44081 (started by badrrinarayanan in /Users/badrrinarayanan/Downloads/demo)
2023-10-16T11:27:45.433+05:30  INFO 44081 --- [    Test worker] com.restApi.demo.DemoApplicationTests    : No active profile set, falling back to 1 default profile: "default"
2023-10-16T11:27:46.651+05:30  INFO 44081 --- [    Test worker] .s.d.r.c.RepositoryConfigurationDelegate : Bootstrapping Spring Data JPA repositories in DEFAULT mode.
2023-10-16T11:27:46.723+05:30  INFO 44081 --- [    Test worker] .s.d.r.c.RepositoryConfigurationDelegate : Finished Spring Data repository scanning in 63 ms. Found 1 JPA repository interfaces.
2023-10-16T11:27:47.577+05:30  INFO 44081 --- [    Test worker] com.zaxxer.hikari.HikariDataSource       : HikariPool-1 - Starting...
2023-10-16T11:27:47.744+05:30  INFO 44081 --- [    Test worker] com.zaxxer.hikari.pool.HikariPool        : HikariPool-1 - Added connection org.postgresql.jdbc.PgConnection@4978777f
2023-10-16T11:27:47.747+05:30  INFO 44081 --- [    Test worker] com.zaxxer.hikari.HikariDataSource       : HikariPool-1 - Start completed.
2023-10-16T11:27:47.940+05:30  INFO 44081 --- [    Test worker] o.hibernate.jpa.internal.util.LogHelper  : HHH000204: Processing PersistenceUnitInfo [name: default]
2023-10-16T11:27:48.002+05:30  INFO 44081 --- [    Test worker] org.hibernate.Version                    : HHH000412: Hibernate ORM core version 6.2.9.Final
2023-10-16T11:27:48.005+05:30  INFO 44081 --- [    Test worker] org.hibernate.cfg.Environment            : HHH000406: Using bytecode reflection optimizer
2023-10-16T11:27:48.312+05:30  INFO 44081 --- [    Test worker] o.h.b.i.BytecodeProviderInitiator        : HHH000021: Bytecode provider name : bytebuddy
2023-10-16T11:27:48.526+05:30  INFO 44081 --- [    Test worker] o.s.o.j.p.SpringPersistenceUnitInfo      : No LoadTimeWeaver setup: ignoring JPA class transformer
2023-10-16T11:27:48.826+05:30  INFO 44081 --- [    Test worker] o.h.b.i.BytecodeProviderInitiator        : HHH000021: Bytecode provider name : bytebuddy
2023-10-16T11:27:49.443+05:30  INFO 44081 --- [    Test worker] o.h.e.t.j.p.i.JtaPlatformInitiator       : HHH000490: Using JtaPlatform implementation: [org.hibernate.engine.transaction.jta.platform.internal.NoJtaPlatform]
2023-10-16T11:27:49.448+05:30  INFO 44081 --- [    Test worker] j.LocalContainerEntityManagerFactoryBean : Initialized JPA EntityManagerFactory for persistence unit 'default'
2023-10-16T11:27:50.133+05:30  WARN 44081 --- [    Test worker] JpaBaseConfiguration$JpaWebConfiguration : spring.jpa.open-in-view is enabled by default. Therefore, database queries may be performed during view rendering. Explicitly configure spring.jpa.open-in-view to disable this warning
2023-10-16T11:27:50.629+05:30  INFO 44081 --- [    Test worker] com.restApi.demo.DemoApplicationTests    : Started DemoApplicationTests in 5.637 seconds (process running for 7.214)
]]></system-out>
  <system-err><![CDATA[]]></system-err>
</testsuite>
